# JRE version: Java(TM) SE Runtime Environment (8.0_101-b13) (build 1.8.0_101-b13)
# Java VM: Java HotSpot(TM) 64-Bit Server VM (25.101-b13 mixed mode windows-amd64 compressed oops)
Heap:
 PSYoungGen      total 19968K, used 16319K [0x00000000eab00000, 0x00000000ec700000, 0x0000000100000000)
  eden space 14336K, 75% used [0x00000000eab00000,0x00000000eb584f88,0x00000000eb900000)
  from space 5632K, 98% used [0x00000000ebf80000,0x00000000ec4eaf60,0x00000000ec500000)
  to   space 6656K, 0% used [0x00000000eb900000,0x00000000eb900000,0x00000000ebf80000)
 ParOldGen       total 39936K, used 7942K [0x00000000c0000000, 0x00000000c2700000, 0x00000000eab00000)
  object space 39936K, 19% used [0x00000000c0000000,0x00000000c07c1be8,0x00000000c2700000)
 Metaspace       used 20244K, capacity 20590K, committed 20864K, reserved 1067008K
  class space    used 2761K, capacity 2867K, committed 2944K, reserved 1048576K
GC Heap History (10 events):
Event: 0.625 GC heap before
{Heap before GC invocations=2 (full 0):
 PSYoungGen      total 17408K, used 17383K [0x00000000eab00000, 0x00000000ebe00000, 0x0000000100000000)
  eden space 15360K, 100% used [0x00000000eab00000,0x00000000eba00000,0x00000000eba00000)
  from space 2048K, 98% used [0x00000000eba00000,0x00000000ebbf9ff8,0x00000000ebc00000)
  to   space 2048K, 0% used [0x00000000ebc00000,0x00000000ebc00000,0x00000000ebe00000)
 ParOldGen       total 39936K, used 1216K [0x00000000c0000000, 0x00000000c2700000, 0x00000000eab00000)
  object space 39936K, 3% used [0x00000000c0000000,0x00000000c0130090,0x00000000c2700000)
 Metaspace       used 6095K, capacity 6544K, committed 6784K, reserved 1056768K
  class space    used 791K, capacity 864K, committed 896K, reserved 1048576K
Event: 0.627 GC heap after
Heap after GC invocations=2 (full 0):
 PSYoungGen      total 17408K, used 2034K [0x00000000eab00000, 0x00000000ebe00000, 0x0000000100000000)
  eden space 15360K, 0% used [0x00000000eab00000,0x00000000eab00000,0x00000000eba00000)
  from space 2048K, 99% used [0x00000000ebc00000,0x00000000ebdfcb70,0x00000000ebe00000)
  to   space 2048K, 0% used [0x00000000eba00000,0x00000000eba00000,0x00000000ebc00000)
 ParOldGen       total 39936K, used 1356K [0x00000000c0000000, 0x00000000c2700000, 0x00000000eab00000)
  object space 39936K, 3% used [0x00000000c0000000,0x00000000c0153320,0x00000000c2700000)
 Metaspace       used 6095K, capacity 6544K, committed 6784K, reserved 1056768K
  class space    used 791K, capacity 864K, committed 896K, reserved 1048576K
}
Event: 1.583 GC heap before
{Heap before GC invocations=3 (full 0):
 PSYoungGen      total 17408K, used 17394K [0x00000000eab00000, 0x00000000ebe00000, 0x0000000100000000)
  eden space 15360K, 100% used [0x00000000eab00000,0x00000000eba00000,0x00000000eba00000)
  from space 2048K, 99% used [0x00000000ebc00000,0x00000000ebdfcb70,0x00000000ebe00000)
  to   space 2048K, 0% used [0x00000000eba00000,0x00000000eba00000,0x00000000ebc00000)
 ParOldGen       total 39936K, used 1356K [0x00000000c0000000, 0x00000000c2700000, 0x00000000eab00000)
  object space 39936K, 3% used [0x00000000c0000000,0x00000000c0153320,0x00000000c2700000)
 Metaspace       used 10914K, capacity 11212K, committed 11264K, reserved 1058816K
  class space    used 1426K, capacity 1530K, committed 1536K, reserved 1048576K
Event: 1.587 GC heap after
Heap after GC invocations=3 (full 0):
 PSYoungGen      total 17408K, used 2032K [0x00000000eab00000, 0x00000000ebe00000, 0x0000000100000000)
  eden space 15360K, 0% used [0x00000000eab00000,0x00000000eab00000,0x00000000eba00000)
  from space 2048K, 99% used [0x00000000eba00000,0x00000000ebbfc050,0x00000000ebc00000)
  to   space 2048K, 0% used [0x00000000ebc00000,0x00000000ebc00000,0x00000000ebe00000)
 ParOldGen       total 39936K, used 3253K [0x00000000c0000000, 0x00000000c2700000, 0x00000000eab00000)
  object space 39936K, 8% used [0x00000000c0000000,0x00000000c032d7f8,0x00000000c2700000)
 Metaspace       used 10914K, capacity 11212K, committed 11264K, reserved 1058816K
  class space    used 1426K, capacity 1530K, committed 1536K, reserved 1048576K
}
Event: 2.337 GC heap before
{Heap before GC invocations=4 (full 0):
 PSYoungGen      total 17408K, used 17392K [0x00000000eab00000, 0x00000000ebe00000, 0x0000000100000000)
  eden space 15360K, 100% used [0x00000000eab00000,0x00000000eba00000,0x00000000eba00000)
  from space 2048K, 99% used [0x00000000eba00000,0x00000000ebbfc050,0x00000000ebc00000)
  to   space 2048K, 0% used [0x00000000ebc00000,0x00000000ebc00000,0x00000000ebe00000)
 ParOldGen       total 39936K, used 3253K [0x00000000c0000000, 0x00000000c2700000, 0x00000000eab00000)
  object space 39936K, 8% used [0x00000000c0000000,0x00000000c032d7f8,0x00000000c2700000)
 Metaspace       used 13539K, capacity 13922K, committed 14080K, reserved 1060864K
  class space    used 1850K, capacity 1968K, committed 2048K, reserved 1048576K
Event: 2.341 GC heap after
Heap after GC invocations=4 (full 0):
 PSYoungGen      total 17408K, used 2032K [0x00000000eab00000, 0x00000000ebe00000, 0x0000000100000000)
  eden space 15360K, 0% used [0x00000000eab00000,0x00000000eab00000,0x00000000eba00000)
  from space 2048K, 99% used [0x00000000ebc00000,0x00000000ebdfc030,0x00000000ebe00000)
  to   space 2048K, 0% used [0x00000000eba00000,0x00000000eba00000,0x00000000ebc00000)
 ParOldGen       total 39936K, used 5376K [0x00000000c0000000, 0x00000000c2700000, 0x00000000eab00000)
  object space 39936K, 13% used [0x00000000c0000000,0x00000000c0540078,0x00000000c2700000)
 Metaspace       used 13539K, capacity 13922K, committed 14080K, reserved 1060864K
  class space    used 1850K, capacity 1968K, committed 2048K, reserved 1048576K
}
Event: 2.916 GC heap before
{Heap before GC invocations=5 (full 0):
 PSYoungGen      total 17408K, used 17392K [0x00000000eab00000, 0x00000000ebe00000, 0x0000000100000000)
  eden space 15360K, 100% used [0x00000000eab00000,0x00000000eba00000,0x00000000eba00000)
  from space 2048K, 99% used [0x00000000ebc00000,0x00000000ebdfc030,0x00000000ebe00000)
  to   space 2048K, 0% used [0x00000000eba00000,0x00000000eba00000,0x00000000ebc00000)
 ParOldGen       total 39936K, used 5376K [0x00000000c0000000, 0x00000000c2700000, 0x00000000eab00000)
  object space 39936K, 13% used [0x00000000c0000000,0x00000000c0540078,0x00000000c2700000)
 Metaspace       used 15646K, capacity 15970K, committed 16128K, reserved 1062912K
  class space    used 2173K, capacity 2288K, committed 2304K, reserved 1048576K
Event: 2.920 GC heap after
Heap after GC invocations=5 (full 0):
 PSYoungGen      total 17408K, used 2032K [0x00000000eab00000, 0x00000000ec500000, 0x0000000100000000)
  eden space 15360K, 0% used [0x00000000eab00000,0x00000000eab00000,0x00000000eba00000)
  from space 2048K, 99% used [0x00000000eba00000,0x00000000ebbfc010,0x00000000ebc00000)
  to   space 5632K, 0% used [0x00000000ebf80000,0x00000000ebf80000,0x00000000ec500000)
 ParOldGen       total 39936K, used 7934K [0x00000000c0000000, 0x00000000c2700000, 0x00000000eab00000)
  object space 39936K, 19% used [0x00000000c0000000,0x00000000c07bfbe8,0x00000000c2700000)
 Metaspace       used 15646K, capacity 15970K, committed 16128K, reserved 1062912K
  class space    used 2173K, capacity 2288K, committed 2304K, reserved 1048576K
}
Event: 3.800 GC heap before
{Heap before GC invocations=6 (full 0):
 PSYoungGen      total 17408K, used 17392K [0x00000000eab00000, 0x00000000ec500000, 0x0000000100000000)
  eden space 15360K, 100% used [0x00000000eab00000,0x00000000eba00000,0x00000000eba00000)
  from space 2048K, 99% used [0x00000000eba00000,0x00000000ebbfc010,0x00000000ebc00000)
  to   space 5632K, 0% used [0x00000000ebf80000,0x00000000ebf80000,0x00000000ec500000)
 ParOldGen       total 39936K, used 7934K [0x00000000c0000000, 0x00000000c2700000, 0x00000000eab00000)
  object space 39936K, 19% used [0x00000000c0000000,0x00000000c07bfbe8,0x00000000c2700000)
 Metaspace       used 19574K, capacity 19944K, committed 19968K, reserved 1067008K
  class space    used 2671K, capacity 2802K, committed 2816K, reserved 1048576K
Event: 3.806 GC heap after
Heap after GC invocations=6 (full 0):
 PSYoungGen      total 19968K, used 5547K [0x00000000eab00000, 0x00000000ec700000, 0x0000000100000000)
  eden space 14336K, 0% used [0x00000000eab00000,0x00000000eab00000,0x00000000eb900000)
  from space 5632K, 98% used [0x00000000ebf80000,0x00000000ec4eaf60,0x00000000ec500000)
  to   space 6656K, 0% used [0x00000000eb900000,0x00000000eb900000,0x00000000ebf80000)
 ParOldGen       total 39936K, used 7942K [0x00000000c0000000, 0x00000000c2700000, 0x00000000eab00000)
  object space 39936K, 19% used [0x00000000c0000000,0x00000000c07c1be8,0x00000000c2700000)
 Metaspace       used 19574K, capacity 19944K, committed 19968K, reserved 1067008K
  class space    used 2671K, capacity 2802K, committed 2816K, reserved 1048576K
}

